<?xml version="1.0" encoding="UTF-8"?>
<!-- Generated by org.testng.reporters.JUnitReportReporter -->
<testsuite skipped="0" hostname="S84196834" name="BasicApiTests" tests="2" failures="0" timestamp="2023-07-31T14:30:02 EET" time="4.926" errors="0">
  <testcase name="test2" time="0.830" classname="BasicApiTests"/>
  <system-out/>
  <testcase name="test1" time="4.096" classname="BasicApiTests"/>
  <system-out/>
</testsuite> <!-- BasicApiTests -->
